Using pre-set license
Built from '2021.3/staging' branch; Version is '2021.3.4f1 (cb45f9cae8b7) revision 13321721'; Using compiler version '192829333'; Build Type 'Release'
OS: 'Windows 11  (10.0.22000) 64bit Core' Language: 'fr' Physical Memory: 15716 MB
BatchMode: 1, IsHumanControllingUs: 0, StartBugReporterOnCrash: 0, Is64bit: 1, IsPro: 1

COMMAND LINE ARGUMENTS:
C:\Program Files\Unity\Hub\Editor\2021.3.4f1\Editor\Unity.exe
-adb2
-batchMode
-noUpm
-name
AssetImportWorker2
-projectPath
C:/Users/supto/OneDrive/Documents/GitHub/SnakeDecroissant/Decroissnake
-logFile
Logs/AssetImportWorker2.log
-srvPort
53631
Successfully changed project path to: C:/Users/supto/OneDrive/Documents/GitHub/SnakeDecroissant/Decroissnake
C:/Users/supto/OneDrive/Documents/GitHub/SnakeDecroissant/Decroissnake
[UnityMemory] Configuration Parameters - Can be set up in boot.config
    "memorysetup-bucket-allocator-granularity=16"
    "memorysetup-bucket-allocator-bucket-count=8"
    "memorysetup-bucket-allocator-block-size=33554432"
    "memorysetup-bucket-allocator-block-count=8"
    "memorysetup-main-allocator-block-size=16777216"
    "memorysetup-thread-allocator-block-size=16777216"
    "memorysetup-gfx-main-allocator-block-size=16777216"
    "memorysetup-gfx-thread-allocator-block-size=16777216"
    "memorysetup-cache-allocator-block-size=4194304"
    "memorysetup-typetree-allocator-block-size=2097152"
    "memorysetup-profiler-bucket-allocator-granularity=16"
    "memorysetup-profiler-bucket-allocator-bucket-count=8"
    "memorysetup-profiler-bucket-allocator-block-size=33554432"
    "memorysetup-profiler-bucket-allocator-block-count=8"
    "memorysetup-profiler-allocator-block-size=16777216"
    "memorysetup-profiler-editor-allocator-block-size=1048576"
    "memorysetup-temp-allocator-size-main=16777216"
    "memorysetup-job-temp-allocator-block-size=2097152"
    "memorysetup-job-temp-allocator-block-size-background=1048576"
    "memorysetup-job-temp-allocator-reduction-small-platforms=262144"
    "memorysetup-temp-allocator-size-background-worker=32768"
    "memorysetup-temp-allocator-size-job-worker=262144"
    "memorysetup-temp-allocator-size-preload-manager=33554432"
    "memorysetup-temp-allocator-size-nav-mesh-worker=65536"
    "memorysetup-temp-allocator-size-audio-worker=65536"
    "memorysetup-temp-allocator-size-cloud-worker=32768"
    "memorysetup-temp-allocator-size-gi-baking-worker=262144"
    "memorysetup-temp-allocator-size-gfx=262144"
Refreshing native plugins compatible for Editor in 87.87 ms, found 4 plugins.
Preloading 0 native plugins for Editor in 0.00 ms.
Initialize engine version: 2021.3.4f1 (cb45f9cae8b7)
[Subsystems] Discovering subsystems at path C:/Program Files/Unity/Hub/Editor/2021.3.4f1/Editor/Data/Resources/UnitySubsystems
[Subsystems] Discovering subsystems at path C:/Users/supto/OneDrive/Documents/GitHub/SnakeDecroissant/Decroissnake/Assets
GfxDevice: creating device client; threaded=0; jobified=0
Direct3D:
    Version:  Direct3D 11.0 [level 11.1]
    Renderer: NVIDIA GeForce RTX 3060 Laptop GPU (ID=0x2520)
    Vendor:   NVIDIA
    VRAM:     6023 MB
    Driver:   30.0.15.1295
Initialize mono
Mono path[0] = 'C:/Program Files/Unity/Hub/Editor/2021.3.4f1/Editor/Data/Managed'
Mono path[1] = 'C:/Program Files/Unity/Hub/Editor/2021.3.4f1/Editor/Data/MonoBleedingEdge/lib/mono/unityjit-win32'
Mono config path = 'C:/Program Files/Unity/Hub/Editor/2021.3.4f1/Editor/Data/MonoBleedingEdge/etc'
Using monoOptions --debugger-agent=transport=dt_socket,embedding=1,server=y,suspend=n,address=127.0.0.1:56384
Begin MonoManager ReloadAssembly
Registering precompiled unity dll's ...
Register platform support module: C:/Program Files/Unity/Hub/Editor/2021.3.4f1/Editor/Data/PlaybackEngines/WebGLSupport/UnityEditor.WebGL.Extensions.dll
Register platform support module: C:/Program Files/Unity/Hub/Editor/2021.3.4f1/Editor/Data/PlaybackEngines/WindowsStandaloneSupport/UnityEditor.WindowsStandalone.Extensions.dll
Registered in 0.007779 seconds.
Native extension for WindowsStandalone target not found
Native extension for WebGL target not found
Refreshing native plugins compatible for Editor in 89.12 ms, found 4 plugins.
Preloading 0 native plugins for Editor in 0.00 ms.
Mono: successfully reloaded assembly
- Completed reload, in  0.583 seconds
Domain Reload Profiling:
	ReloadAssembly (583ms)
		BeginReloadAssembly (65ms)
			ExecutionOrderSort (0ms)
			DisableScriptedObjects (0ms)
			BackupInstance (0ms)
			ReleaseScriptingObjects (0ms)
			CreateAndSetChildDomain (1ms)
		EndReloadAssembly (419ms)
			LoadAssemblies (63ms)
			RebuildTransferFunctionScriptingTraits (0ms)
			SetupTypeCache (84ms)
			ReleaseScriptCaches (0ms)
			RebuildScriptCaches (22ms)
			SetupLoadedEditorAssemblies (268ms)
				LogAssemblyErrors (0ms)
				InitializePlatformSupportModulesInManaged (8ms)
				SetLoadedEditorAssemblies (0ms)
				RefreshPlugins (89ms)
				BeforeProcessingInitializeOnLoad (1ms)
				ProcessInitializeOnLoadAttributes (129ms)
				ProcessInitializeOnLoadMethodAttributes (40ms)
				AfterProcessingInitializeOnLoad (0ms)
				EditorAssembliesLoaded (0ms)
			ExecutionOrderSort2 (0ms)
			AwakeInstancesAfterBackupRestoration (0ms)
Platform modules already initialized, skipping
Registering precompiled user dll's ...
Registered in 0.007481 seconds.
Begin MonoManager ReloadAssembly
Symbol file LoadedFromMemory doesn't match image C:\Users\supto\OneDrive\Documents\GitHub\SnakeDecroissant\Decroissnake\Library\PackageCache\com.unity.visualscripting@1.7.8\Editor\VisualScripting.Core\Dependencies\YamlDotNet\Unity.VisualScripting.YamlDotNet.dll
Symbol file LoadedFromMemory doesn't match image C:\Users\supto\OneDrive\Documents\GitHub\SnakeDecroissant\Decroissnake\Library\PackageCache\com.unity.visualscripting@1.7.8\Editor\VisualScripting.Core\Dependencies\DotNetZip\Unity.VisualScripting.IonicZip.dll
Native extension for WindowsStandalone target not found
Native extension for WebGL target not found
Refreshing native plugins compatible for Editor in 87.71 ms, found 4 plugins.
Preloading 0 native plugins for Editor in 0.00 ms.
Mono: successfully reloaded assembly
- Completed reload, in  1.053 seconds
Domain Reload Profiling:
	ReloadAssembly (1053ms)
		BeginReloadAssembly (98ms)
			ExecutionOrderSort (0ms)
			DisableScriptedObjects (5ms)
			BackupInstance (0ms)
			ReleaseScriptingObjects (0ms)
			CreateAndSetChildDomain (19ms)
		EndReloadAssembly (842ms)
			LoadAssemblies (77ms)
			RebuildTransferFunctionScriptingTraits (0ms)
			SetupTypeCache (211ms)
			ReleaseScriptCaches (1ms)
			RebuildScriptCaches (50ms)
			SetupLoadedEditorAssemblies (457ms)
				LogAssemblyErrors (0ms)
				InitializePlatformSupportModulesInManaged (5ms)
				SetLoadedEditorAssemblies (0ms)
				RefreshPlugins (88ms)
				BeforeProcessingInitializeOnLoad (98ms)
				ProcessInitializeOnLoadAttributes (219ms)
				ProcessInitializeOnLoadMethodAttributes (38ms)
				AfterProcessingInitializeOnLoad (8ms)
				EditorAssembliesLoaded (0ms)
			ExecutionOrderSort2 (0ms)
			AwakeInstancesAfterBackupRestoration (7ms)
Platform modules already initialized, skipping
========================================================================
Worker process is ready to serve import requests
Launched and connected shader compiler UnityShaderCompiler.exe after 0.04 seconds
Refreshing native plugins compatible for Editor in 0.81 ms, found 4 plugins.
Preloading 0 native plugins for Editor in 0.00 ms.
Unloading 4113 Unused Serialized files (Serialized files now loaded: 0)
Unloading 44 unused Assets / (222.4 KB). Loaded Objects now: 4563.
Memory consumption went from 154.5 MB to 154.3 MB.
Total: 3.780500 ms (FindLiveObjects: 0.352500 ms CreateObjectMapping: 0.244100 ms MarkObjects: 3.003700 ms  DeleteObjects: 0.178900 ms)

AssetImportParameters requested are different than current active one (requested -> active):
  custom:video-decoder-ogg-theora: a1e56fd34408186e4bbccfd4996cb3dc -> 
  custom:container-muxer-webm: aa71ff27fc2769a1b78a27578f13a17b -> 
  custom:container-demuxer-webm: 4f35f7cbe854078d1ac9338744f61a02 -> 
  custom:video-encoder-webm-vp8: eb34c28f22e8b96e1ab97ce403110664 -> 
  custom:video-codec-MediaFoundation-h265: 746d11721c4dcdbdad8f713fa42b33f4 -> 
  custom:audio-encoder-webm-vorbis: bf7c407c2cedff20999df2af8eb42d56 -> 
  custom:framework-win-MediaFoundation: 216162199b28c13a410421893ffa2e32 -> 
  custom:container-demuxer-ogg: 62fdf1f143b41e24485cea50d1cbac27 -> 
  custom:video-decoder-webm-vp8: 9c59270c3fd7afecdb556c50c9e8de78 -> 
  custom:audio-decoder-ogg-vorbis: bf7c407c2cedff20999df2af8eb42d56 -> 
========================================================================
Received Import Request.
  Time since last request: 19034.801405 seconds.
  path: Assets/Sprites/serpent
  artifactKey: Guid(712afc3a4d3f4584589028c2ec493d51) Importer(815301076,1909f56bfc062723c751e8b465ee728b)
Start importing Assets/Sprites/serpent using Guid(712afc3a4d3f4584589028c2ec493d51) Importer(815301076,1909f56bfc062723c751e8b465ee728b)  -> (artifact id: 'ae8562fd1417a8f40e10bdc3397b1c49') in 0.008746 seconds 
========================================================================
Received Import Request.
  Time since last request: 0.054284 seconds.
  path: Assets/Sprites/serpent/serpent--v-1.png
  artifactKey: Guid(2422bb017ba41764580ecbd1e9f3534f) Importer(815301076,1909f56bfc062723c751e8b465ee728b)
Start importing Assets/Sprites/serpent/serpent--v-1.png using Guid(2422bb017ba41764580ecbd1e9f3534f) Importer(815301076,1909f56bfc062723c751e8b465ee728b)  -> (artifact id: '0cedcdf08382bc9144070d30edbf1cc2') in 0.111686 seconds 
========================================================================
Received Import Request.
  Time since last request: 0.000020 seconds.
  path: Assets/Sprites/serpent/serpent-tete-fermee-h.png
  artifactKey: Guid(3674398370b12124bb6cfab08e47a5c8) Importer(815301076,1909f56bfc062723c751e8b465ee728b)
Start importing Assets/Sprites/serpent/serpent-tete-fermee-h.png using Guid(3674398370b12124bb6cfab08e47a5c8) Importer(815301076,1909f56bfc062723c751e8b465ee728b)  -> (artifact id: '2a8a5150422cde333681eaf4392fb1ba') in 0.027155 seconds 
========================================================================
Received Import Request.
  Time since last request: 0.000028 seconds.
  path: Assets/Sprites/serpent/serpent-or-h.png
  artifactKey: Guid(90fec8eebcc683a40b6927cb61ed8d30) Importer(815301076,1909f56bfc062723c751e8b465ee728b)
Start importing Assets/Sprites/serpent/serpent-or-h.png using Guid(90fec8eebcc683a40b6927cb61ed8d30) Importer(815301076,1909f56bfc062723c751e8b465ee728b)  -> (artifact id: 'b9974ee9a8697ba154ee91e132c6ed9d') in 0.026341 seconds 
========================================================================
Received Import Request.
  Time since last request: 0.000018 seconds.
  path: Assets/Sprites/serpent/serpent-tete-ouverte-v.png
  artifactKey: Guid(86b40fa7bddd5c447954f7aa4a987299) Importer(815301076,1909f56bfc062723c751e8b465ee728b)
Start importing Assets/Sprites/serpent/serpent-tete-ouverte-v.png using Guid(86b40fa7bddd5c447954f7aa4a987299) Importer(815301076,1909f56bfc062723c751e8b465ee728b)  -> (artifact id: 'aa1071f620476e8ee0a61b57853ebac9') in 0.025080 seconds 
========================================================================
Received Import Request.
  Time since last request: 0.000018 seconds.
  path: Assets/Sprites/serpent/serpent-v-4.png
  artifactKey: Guid(bb9d8e635e181dd4aa26139885eceb98) Importer(815301076,1909f56bfc062723c751e8b465ee728b)
Start importing Assets/Sprites/serpent/serpent-v-4.png using Guid(bb9d8e635e181dd4aa26139885eceb98) Importer(815301076,1909f56bfc062723c751e8b465ee728b)  -> (artifact id: '9d0034f542a5185f4788767ad2dc811d') in 0.026298 seconds 
========================================================================
Received Import Request.
  Time since last request: 0.000022 seconds.
  path: Assets/Sprites/serpent/serpent-h2.png
  artifactKey: Guid(3f7e734b8dce750449678d267e13ed0b) Importer(815301076,1909f56bfc062723c751e8b465ee728b)
Start importing Assets/Sprites/serpent/serpent-h2.png using Guid(3f7e734b8dce750449678d267e13ed0b) Importer(815301076,1909f56bfc062723c751e8b465ee728b)  -> (artifact id: 'a56073aad975c9769411904832b32864') in 0.025939 seconds 
========================================================================
Received Import Request.
  Time since last request: 0.000025 seconds.
  path: Assets/Sprites/serpent/serpent-virage-d-b.png
  artifactKey: Guid(cd7050a639cabe94581395bf1e27c456) Importer(815301076,1909f56bfc062723c751e8b465ee728b)
Start importing Assets/Sprites/serpent/serpent-virage-d-b.png using Guid(cd7050a639cabe94581395bf1e27c456) Importer(815301076,1909f56bfc062723c751e8b465ee728b)  -> (artifact id: '4f8b5afca0e99accec0e6c1cddcc7cc8') in 0.024751 seconds 
========================================================================
Received Import Request.
  Time since last request: 0.000020 seconds.
  path: Assets/Sprites/serpent/serpent-tete-ouerte-h.png
  artifactKey: Guid(5d6bb6e957dde724fba6cb70306fb1af) Importer(815301076,1909f56bfc062723c751e8b465ee728b)
Start importing Assets/Sprites/serpent/serpent-tete-ouerte-h.png using Guid(5d6bb6e957dde724fba6cb70306fb1af) Importer(815301076,1909f56bfc062723c751e8b465ee728b)  -> (artifact id: '75f0769c723499e89012a6fcb9a16385') in 0.027270 seconds 
========================================================================
Received Import Request.
  Time since last request: 0.000017 seconds.
  path: Assets/Sprites/serpent/serpent-v3.png
  artifactKey: Guid(6854423cf9f23fd428b3350e59d7c790) Importer(815301076,1909f56bfc062723c751e8b465ee728b)
Start importing Assets/Sprites/serpent/serpent-v3.png using Guid(6854423cf9f23fd428b3350e59d7c790) Importer(815301076,1909f56bfc062723c751e8b465ee728b)  -> (artifact id: '1a24ff44c192859cf1c1ae8cd22b5e05') in 0.025427 seconds 
========================================================================
Received Import Request.
  Time since last request: 0.000055 seconds.
  path: Assets/Sprites/serpent/serpent-v2.png
  artifactKey: Guid(d790636be7556bb478f693970b491c23) Importer(815301076,1909f56bfc062723c751e8b465ee728b)
Start importing Assets/Sprites/serpent/serpent-v2.png using Guid(d790636be7556bb478f693970b491c23) Importer(815301076,1909f56bfc062723c751e8b465ee728b)  -> (artifact id: '0276ff709a41d3bc7717ec688fa5b155') in 0.029987 seconds 
========================================================================
Received Import Request.
  Time since last request: 0.000041 seconds.
  path: Assets/Sprites/serpent/serpent-usine-h.png
  artifactKey: Guid(bfa472d8cd74bc148ab178e524ed6bba) Importer(815301076,1909f56bfc062723c751e8b465ee728b)
Start importing Assets/Sprites/serpent/serpent-usine-h.png using Guid(bfa472d8cd74bc148ab178e524ed6bba) Importer(815301076,1909f56bfc062723c751e8b465ee728b)  -> (artifact id: 'ca8b487646a7681b5a9c930099cafc3e') in 0.025667 seconds 
Editor requested this worker to shutdown with reason: Scaling down because of idle timeout
AssetImportWorker is now disconnected from the server
Process exiting
Exiting without the bug reporter. Application will terminate with return code 0